<?xml version="1.0" encoding="utf-8"?><testsuites name="pytest tests"><testsuite name="pytest" errors="0" failures="0" skipped="0" tests="22" time="6.957" timestamp="2026-02-06T13:44:03.522908+00:00" hostname="agent-env-fc5ceb68-0c93-4678-96f0-4fc4b1d64ab1"><testcase classname="backend.tests.test_pix_pdf_features.TestPIXPaymentsAPI" name="test_01_health_check" time="0.326" /><testcase classname="backend.tests.test_pix_pdf_features.TestPIXPaymentsAPI" name="test_02_pix_bank_info" time="0.312" /><testcase classname="backend.tests.test_pix_pdf_features.TestPIXPaymentsAPI" name="test_03_pix_payments_list" time="0.294" /><testcase classname="backend.tests.test_pix_pdf_features.TestPIXPaymentsAPI" name="test_04_pix_payments_list_no_auth" time="0.289" /><testcase classname="backend.tests.test_pix_pdf_features.TestPIXPaymentsAPI" name="test_05_create_pix_payment" time="0.300" /><testcase classname="backend.tests.test_pix_pdf_features.TestPIXPaymentsAPI" name="test_06_get_single_pix_payment" time="0.294" /><testcase classname="backend.tests.test_pix_pdf_features.TestPIXPaymentsAPI" name="test_07_simulate_pix_execution" time="0.303" /><testcase classname="backend.tests.test_pix_pdf_features.TestPIXPaymentsAPI" name="test_08_simulate_pix_already_executed" time="0.292" /><testcase classname="backend.tests.test_pix_pdf_features.TestPIXPaymentsAPI" name="test_09_pix_payment_not_found" time="0.288" /><testcase classname="backend.tests.test_pix_pdf_features.TestPIXPaymentsAPI" name="test_10_create_pix_with_invalid_data" time="0.289" /><testcase classname="backend.tests.test_pix_pdf_features.TestPDFGeneration" name="test_11_generate_contract_pdf" time="0.352" /><testcase classname="backend.tests.test_pix_pdf_features.TestPDFGeneration" name="test_12_download_signed_pdf_no_signature" time="0.337" /><testcase classname="backend.tests.test_pix_pdf_features.TestPDFGeneration" name="test_13_reports_pdf" time="0.305" /><testcase classname="backend.tests.test_pix_pdf_features.TestPDFGeneration" name="test_14_contract_not_found_pdf" time="0.299" /><testcase classname="backend.tests.test_pix_pdf_features.TestPIXWithExpenseIntegration" name="test_15_list_expenses" time="0.307" /><testcase classname="backend.tests.test_pix_pdf_features.TestPIXWithExpenseIntegration" name="test_16_create_pix_linked_to_expense" time="0.338" /><testcase classname="backend.tests.test_pix_pdf_features.TestPIXWithExpenseIntegration" name="test_17_create_pix_with_invalid_expense" time="0.313" /><testcase classname="backend.tests.test_pix_pdf_features.TestPIXKeyTypes" name="test_18_pix_with_cpf_key" time="0.298" /><testcase classname="backend.tests.test_pix_pdf_features.TestPIXKeyTypes" name="test_19_pix_with_cnpj_key" time="0.300" /><testcase classname="backend.tests.test_pix_pdf_features.TestPIXKeyTypes" name="test_20_pix_with_email_key" time="0.300" /><testcase classname="backend.tests.test_pix_pdf_features.TestPIXKeyTypes" name="test_21_pix_with_phone_key" time="0.298" /><testcase classname="backend.tests.test_pix_pdf_features.TestPIXKeyTypes" name="test_22_pix_with_random_key" time="0.294" /></testsuite></testsuites>