<?xml version="1.0" encoding="utf-8"?><testsuites name="pytest tests"><testsuite name="pytest" errors="0" failures="0" skipped="0" tests="18" time="3.427" timestamp="2026-02-06T13:09:59.743383+00:00" hostname="agent-env-fc5ceb68-0c93-4678-96f0-4fc4b1d64ab1"><testcase classname="tests.test_eleitora360.TestHealthCheck" name="test_health_endpoint" time="0.058" /><testcase classname="tests.test_eleitora360.TestCandidatoAuth" name="test_login_candidato_success" time="0.275" /><testcase classname="tests.test_eleitora360.TestCandidatoAuth" name="test_login_invalid_credentials" time="0.047" /><testcase classname="tests.test_eleitora360.TestContadorAuth" name="test_contador_admin_login" time="0.266" /><testcase classname="tests.test_eleitora360.TestContadorAuth" name="test_contador_invalid_password" time="0.263" /><testcase classname="tests.test_eleitora360.TestContadorAuth" name="test_contador_invalid_email" time="0.038" /><testcase classname="tests.test_eleitora360.TestTSESpendingLimits" name="test_tse_campaign_status_requires_auth" time="0.038" /><testcase classname="tests.test_eleitora360.TestTSESpendingLimits" name="test_tse_campaign_status_with_auth" time="0.298" /><testcase classname="tests.test_eleitora360.TestTSESpendingLimits" name="test_tse_spending_limit_calculation" time="0.076" /><testcase classname="tests.test_eleitora360.TestContadorDashboard" name="test_get_all_campaigns_admin" time="0.300" /><testcase classname="tests.test_eleitora360.TestContadorDashboard" name="test_get_professionals_admin" time="0.333" /><testcase classname="tests.test_eleitora360.TestContracts" name="test_list_contracts" time="0.309" /><testcase classname="tests.test_eleitora360.TestContracts" name="test_contract_templates" time="0.032" /><testcase classname="tests.test_eleitora360.TestRequiredAttachments" name="test_required_attachments_mapping" time="0.000" /><testcase classname="tests.test_eleitora360.TestRequiredAttachments" name="test_get_required_attachments_for_contract" time="0.338" /><testcase classname="tests.test_eleitora360.TestExpenses" name="test_list_expenses" time="0.303" /><testcase classname="tests.test_eleitora360.TestExpenses" name="test_expense_receipt_upload_endpoint_exists" time="0.373" /><testcase classname="tests.test_eleitora360.TestFileValidation" name="test_allowed_file_types_documented" time="0.000" /></testsuite></testsuites>