<?xml version="1.0" encoding="utf-8"?><testsuites name="pytest tests"><testsuite name="pytest" errors="0" failures="0" skipped="0" tests="13" time="0.875" timestamp="2026-02-05T23:51:27.439334+00:00" hostname="agent-env-27473d1e-3584-4729-9744-6e836b617475"><testcase classname="backend.tests.test_attachments_expenses.TestRequiredAttachmentsEndpoint" name="test_get_required_attachments_success" time="0.360" /><testcase classname="backend.tests.test_attachments_expenses.TestRequiredAttachmentsEndpoint" name="test_required_attachments_structure" time="0.019" /><testcase classname="backend.tests.test_attachments_expenses.TestRequiredAttachmentsEndpoint" name="test_veiculo_sem_motorista_has_correct_attachments" time="0.016" /><testcase classname="backend.tests.test_attachments_expenses.TestRequiredAttachmentsEndpoint" name="test_required_attachments_requires_auth" time="0.038" /><testcase classname="backend.tests.test_attachments_expenses.TestRequiredAttachmentsEndpoint" name="test_required_attachments_404_for_nonexistent" time="0.010" /><testcase classname="backend.tests.test_attachments_expenses.TestAttachmentUpload" name="test_upload_attachment_success" time="0.044" /><testcase classname="backend.tests.test_attachments_expenses.TestAttachmentUpload" name="test_upload_invalid_key_rejected" time="0.083" /><testcase classname="backend.tests.test_attachments_expenses.TestAttachmentUpload" name="test_upload_jpeg_image_accepted" time="0.039" /><testcase classname="backend.tests.test_attachments_expenses.TestAttachmentUpload" name="test_upload_requires_auth" time="0.033" /><testcase classname="backend.tests.test_attachments_expenses.TestComprovantePagamentoAutoExpense" name="test_upload_comprovante_marks_expenses_paid" time="0.071" /><testcase classname="backend.tests.test_attachments_expenses.TestAutoExpenseGeneration" name="test_contract_has_expenses" time="0.011" /><testcase classname="backend.tests.test_attachments_expenses.TestAutoExpenseGeneration" name="test_create_contract_generates_expenses" time="0.074" /><testcase classname="backend.tests.test_attachments_expenses.TestAttachmentProgress" name="test_progress_calculation" time="0.013" /></testsuite></testsuites>