<?xml version="1.0" encoding="utf-8"?><testsuites name="pytest tests"><testsuite name="pytest" errors="0" failures="0" skipped="0" tests="14" time="3.978" timestamp="2026-03-05T23:47:14.579902+00:00" hostname="agent-env-7b14bd1a-65f3-40f9-9af7-b13ffa00f52e"><testcase classname="backend.tests.test_bank_statements.TestDocumentValidation" name="test_validate_valid_cpf" time="0.131" /><testcase classname="backend.tests.test_bank_statements.TestDocumentValidation" name="test_validate_invalid_cpf" time="0.102" /><testcase classname="backend.tests.test_bank_statements.TestDocumentValidation" name="test_validate_valid_cnpj" time="0.211" /><testcase classname="backend.tests.test_bank_statements.TestDocumentValidation" name="test_validate_invalid_cnpj" time="0.108" /><testcase classname="backend.tests.test_bank_statements.TestDocumentValidation" name="test_validate_formatted_cpf" time="0.107" /><testcase classname="backend.tests.test_bank_statements.TestDocumentValidation" name="test_validate_invalid_length" time="0.140" /><testcase classname="backend.tests.test_bank_statements.TestBankStatementsEndpoints" name="test_list_bank_statements_unauthenticated" time="0.106" /><testcase classname="backend.tests.test_bank_statements.TestBankStatementsEndpoints" name="test_list_bank_statements_authenticated" time="0.374" /><testcase classname="backend.tests.test_bank_statements.TestBankStatementsEndpoints" name="test_upload_invalid_file_format" time="0.403" /><testcase classname="backend.tests.test_bank_statements.TestBankTransactionActions" name="test_get_nonexistent_statement" time="0.422" /><testcase classname="backend.tests.test_bank_statements.TestRevenuesWithCpfCnpj" name="test_create_revenue_with_valid_cpf" time="0.446" /><testcase classname="backend.tests.test_bank_statements.TestRevenuesWithCpfCnpj" name="test_create_revenue_with_cnpj" time="0.464" /><testcase classname="backend.tests.test_bank_statements.TestExpensesWithCpfCnpj" name="test_create_expense_with_valid_cpf" time="0.437" /><testcase classname="backend.tests.test_bank_statements.TestExpensesWithCpfCnpj" name="test_create_expense_with_cnpj" time="0.468" /></testsuite></testsuites>