<?xml version="1.0" encoding="utf-8"?><testsuites name="pytest tests"><testsuite name="pytest" errors="0" failures="0" skipped="0" tests="8" time="2.529" timestamp="2026-03-05T22:31:23.499796+00:00" hostname="agent-env-fc5ceb68-0c93-4678-96f0-4fc4b1d64ab1"><testcase classname="backend.tests.test_pix_spce_bb.TestPixBankInfo" name="test_get_bank_info" time="0.149" /><testcase classname="backend.tests.test_pix_spce_bb.TestPixPayment" name="test_create_pix_payment" time="1.452" /><testcase classname="backend.tests.test_pix_spce_bb.TestPixPayment" name="test_check_pix_status" time="0.130" /><testcase classname="backend.tests.test_pix_spce_bb.TestPixPayment" name="test_check_status_nonexistent" time="0.130" /><testcase classname="backend.tests.test_pix_spce_bb.TestSpceExport" name="test_export_spce_despagtos" time="0.123" /><testcase classname="backend.tests.test_pix_spce_bb.TestSpceExport" name="test_export_spce_contratos" time="0.153" /><testcase classname="backend.tests.test_pix_spce_bb.TestSpceExport" name="test_export_spce_categorias" time="0.178" /><testcase classname="backend.tests.test_pix_spce_bb.TestPixPaymentsList" name="test_list_pix_payments" time="0.117" /></testsuite></testsuites>