<?xml version="1.0" encoding="utf-8"?><testsuites name="pytest tests"><testsuite name="pytest" errors="0" failures="1" skipped="0" tests="22" time="7.141" timestamp="2026-02-06T13:40:47.122779+00:00" hostname="agent-env-fc5ceb68-0c93-4678-96f0-4fc4b1d64ab1"><testcase classname="backend.tests.test_pix_pdf_features.TestPIXPaymentsAPI" name="test_01_health_check" time="0.379" /><testcase classname="backend.tests.test_pix_pdf_features.TestPIXPaymentsAPI" name="test_02_pix_bank_info" time="0.310" /><testcase classname="backend.tests.test_pix_pdf_features.TestPIXPaymentsAPI" name="test_03_pix_payments_list" time="0.345" /><testcase classname="backend.tests.test_pix_pdf_features.TestPIXPaymentsAPI" name="test_04_pix_payments_list_no_auth" time="0.298" /><testcase classname="backend.tests.test_pix_pdf_features.TestPIXPaymentsAPI" name="test_05_create_pix_payment" time="0.300" /><testcase classname="backend.tests.test_pix_pdf_features.TestPIXPaymentsAPI" name="test_06_get_single_pix_payment" time="0.305" /><testcase classname="backend.tests.test_pix_pdf_features.TestPIXPaymentsAPI" name="test_07_simulate_pix_execution" time="0.354" /><testcase classname="backend.tests.test_pix_pdf_features.TestPIXPaymentsAPI" name="test_08_simulate_pix_already_executed" time="0.303" /><testcase classname="backend.tests.test_pix_pdf_features.TestPIXPaymentsAPI" name="test_09_pix_payment_not_found" time="0.334" /><testcase classname="backend.tests.test_pix_pdf_features.TestPIXPaymentsAPI" name="test_10_create_pix_with_invalid_data" time="0.337" /><testcase classname="backend.tests.test_pix_pdf_features.TestPDFGeneration" name="test_11_generate_contract_pdf" time="0.355" /><testcase classname="backend.tests.test_pix_pdf_features.TestPDFGeneration" name="test_12_download_signed_pdf_no_signature" time="0.363"><failure message="AssertionError: Unexpected status: 400&#10;assert 400 in [200, 404, 500]&#10; +  where 400 = &lt;Response [400]&gt;.status_code">backend/tests/test_pix_pdf_features.py:209: in test_12_download_signed_pdf_no_signature
    assert response.status_code in [200, 404, 500], f"Unexpected status: {response.status_code}"
E   AssertionError: Unexpected status: 400
E   assert 400 in [200, 404, 500]
E    +  where 400 = &lt;Response [400]&gt;.status_code</failure></testcase><testcase classname="backend.tests.test_pix_pdf_features.TestPDFGeneration" name="test_13_reports_pdf" time="0.315" /><testcase classname="backend.tests.test_pix_pdf_features.TestPDFGeneration" name="test_14_contract_not_found_pdf" time="0.308" /><testcase classname="backend.tests.test_pix_pdf_features.TestPIXWithExpenseIntegration" name="test_15_list_expenses" time="0.298" /><testcase classname="backend.tests.test_pix_pdf_features.TestPIXWithExpenseIntegration" name="test_16_create_pix_linked_to_expense" time="0.317" /><testcase classname="backend.tests.test_pix_pdf_features.TestPIXWithExpenseIntegration" name="test_17_create_pix_with_invalid_expense" time="0.298" /><testcase classname="backend.tests.test_pix_pdf_features.TestPIXKeyTypes" name="test_18_pix_with_cpf_key" time="0.300" /><testcase classname="backend.tests.test_pix_pdf_features.TestPIXKeyTypes" name="test_19_pix_with_cnpj_key" time="0.307" /><testcase classname="backend.tests.test_pix_pdf_features.TestPIXKeyTypes" name="test_20_pix_with_email_key" time="0.303" /><testcase classname="backend.tests.test_pix_pdf_features.TestPIXKeyTypes" name="test_21_pix_with_phone_key" time="0.303" /><testcase classname="backend.tests.test_pix_pdf_features.TestPIXKeyTypes" name="test_22_pix_with_random_key" time="0.299" /></testsuite></testsuites>