<?xml version="1.0" encoding="utf-8"?><testsuites name="pytest tests"><testsuite name="pytest" errors="0" failures="0" skipped="0" tests="11" time="28.633" timestamp="2026-02-06T02:04:45.755310+00:00" hostname="agent-env-27473d1e-3584-4729-9744-6e836b617475"><testcase classname="backend.tests.test_voice_assistant.TestVoiceTranscribeEndpoint" name="test_transcribe_requires_auth" time="0.080" /><testcase classname="backend.tests.test_voice_assistant.TestVoiceTranscribeEndpoint" name="test_transcribe_with_valid_audio" time="2.878" /><testcase classname="backend.tests.test_voice_assistant.TestVoiceSpeakEndpoint" name="test_speak_requires_auth" time="0.041" /><testcase classname="backend.tests.test_voice_assistant.TestVoiceSpeakEndpoint" name="test_speak_with_valid_text" time="1.382" /><testcase classname="backend.tests.test_voice_assistant.TestVoiceSpeakEndpoint" name="test_speak_without_text" time="0.042" /><testcase classname="backend.tests.test_voice_assistant.TestVoiceCommandEndpoint" name="test_command_requires_auth" time="0.038" /><testcase classname="backend.tests.test_voice_assistant.TestVoiceCommandEndpoint" name="test_command_with_audio" time="20.594" /><testcase classname="backend.tests.test_voice_assistant.TestVoiceGreetingEndpoint" name="test_greeting_requires_auth" time="0.058" /><testcase classname="backend.tests.test_voice_assistant.TestVoiceGreetingEndpoint" name="test_greeting_returns_audio" time="1.787" /><testcase classname="backend.tests.test_voice_assistant.TestVoiceIntegration" name="test_voice_assistant_module_exists" time="0.079" /><testcase classname="backend.tests.test_voice_assistant.TestVoiceIntegration" name="test_speak_and_verify_audio_format" time="1.592" /></testsuite></testsuites>