<?xml version="1.0" encoding="utf-8"?><testsuites name="pytest tests"><testsuite name="pytest" errors="0" failures="0" skipped="0" tests="41" time="7.172" timestamp="2026-02-05T01:04:25.893103+00:00" hostname="agent-env-27473d1e-3584-4729-9744-6e836b617475"><testcase classname="backend.tests.test_api.TestHealthCheck" name="test_health_endpoint" time="0.112" /><testcase classname="backend.tests.test_api.TestAuthentication" name="test_login_success" time="0.264" /><testcase classname="backend.tests.test_api.TestAuthentication" name="test_login_invalid_credentials" time="0.043" /><testcase classname="backend.tests.test_api.TestAuthentication" name="test_get_current_user" time="0.301" /><testcase classname="backend.tests.test_api.TestDashboard" name="test_get_dashboard_stats" time="0.301" /><testcase classname="backend.tests.test_api.TestPaymentAlerts" name="test_get_payment_alerts" time="0.320" /><testcase classname="backend.tests.test_api.TestRevenues" name="test_list_revenues" time="0.298" /><testcase classname="backend.tests.test_api.TestRevenues" name="test_create_and_delete_revenue" time="0.422" /><testcase classname="backend.tests.test_api.TestExpenses" name="test_list_expenses" time="0.299" /><testcase classname="backend.tests.test_api.TestExpenses" name="test_create_and_delete_expense" time="0.421" /><testcase classname="backend.tests.test_api.TestReports" name="test_get_tse_report" time="0.301" /><testcase classname="backend.tests.test_api.TestReports" name="test_export_pdf" time="0.315" /><testcase classname="backend.tests.test_api.TestCPFCNPJValidation" name="test_validate_valid_cpf" time="0.035" /><testcase classname="backend.tests.test_api.TestCPFCNPJValidation" name="test_validate_invalid_cpf" time="0.034" /><testcase classname="backend.tests.test_api.TestCPFCNPJValidation" name="test_validate_valid_cnpj" time="0.034" /><testcase classname="backend.tests.test_api.TestCPFCNPJValidation" name="test_validate_invalid_cnpj" time="0.035" /><testcase classname="backend.tests.test_api.TestCampaign" name="test_get_my_campaign" time="0.298" /><testcase classname="backend.tests.test_api.TestPayments" name="test_list_payments" time="0.306" /><testcase classname="backend.tests.test_spce_zip_email.TestSPCEZipExport" name="test_spce_zip_export_returns_zip" time="0.301" /><testcase classname="backend.tests.test_spce_zip_email.TestSPCEZipExport" name="test_spce_zip_contains_required_folders" time="0.044" /><testcase classname="backend.tests.test_spce_zip_email.TestSPCEZipExport" name="test_spce_zip_contains_dados_info" time="0.041" /><testcase classname="backend.tests.test_spce_zip_email.TestSPCEZipExport" name="test_spce_zip_contains_receitas_files" time="0.042" /><testcase classname="backend.tests.test_spce_zip_email.TestSPCEZipExport" name="test_spce_zip_contains_despesas_files" time="0.040" /><testcase classname="backend.tests.test_spce_zip_email.TestSPCEZipExport" name="test_spce_zip_contains_demonstrativos_files" time="0.040" /><testcase classname="backend.tests.test_spce_zip_email.TestEmailSignatureRequest" name="test_send_signature_request_no_contract" time="0.038" /><testcase classname="backend.tests.test_spce_zip_email.TestEmailSignatureRequest" name="test_send_signature_request_endpoint_exists" time="0.156" /><testcase classname="backend.tests.test_spce_zip_email.TestEmailSignatureRequest" name="test_send_signature_requires_locador_email" time="0.118" /><testcase classname="backend.tests.test_spce_zip_email.TestSPCEZipUnauthorized" name="test_spce_zip_requires_auth" time="0.039" /><testcase classname="backend.tests.test_spce_zip_email.TestSPCEZipUnauthorized" name="test_email_signature_requires_auth" time="0.066" /><testcase classname="backend.tests.test_upload_features.TestExpenseReceiptUpload" name="test_create_expense_and_upload_receipt_marks_as_paid" time="0.411" /><testcase classname="backend.tests.test_upload_features.TestExpenseReceiptUpload" name="test_upload_invalid_file_type_rejected" time="0.116" /><testcase classname="backend.tests.test_upload_features.TestExpenseReceiptUpload" name="test_upload_pdf_accepted" time="0.119" /><testcase classname="backend.tests.test_upload_features.TestRevenueReceiptUpload" name="test_upload_receipt_to_revenue" time="0.119" /><testcase classname="backend.tests.test_upload_features.TestContractExpensesAutoGeneration" name="test_create_contract_generates_expenses" time="0.189" /><testcase classname="backend.tests.test_upload_features.TestContractExpensesAutoGeneration" name="test_contract_expenses_show_payment_summary" time="0.237" /><testcase classname="backend.tests.test_upload_features.TestContractDocumentUpload" name="test_upload_document_to_contract" time="0.181" /><testcase classname="backend.tests.test_upload_features.TestExpenseStatusColumn" name="test_expense_list_includes_payment_status" time="0.044" /><testcase classname="backend.tests.test_upload_features.TestFileTypeValidation" name="test_allowed_jpeg" time="0.161" /><testcase classname="backend.tests.test_upload_features.TestFileTypeValidation" name="test_allowed_png" time="0.112" /><testcase classname="backend.tests.test_upload_features.TestFileTypeValidation" name="test_allowed_pdf" time="0.162" /><testcase classname="backend.tests.test_upload_features.TestFileTypeValidation" name="test_rejected_gif" time="0.165" /></testsuite></testsuites>