<?xml version="1.0" encoding="utf-8"?><testsuites name="pytest tests"><testsuite name="pytest" errors="0" failures="0" skipped="0" tests="18" time="222.436" timestamp="2026-02-06T01:37:56.837808+00:00" hostname="agent-env-27473d1e-3584-4729-9744-6e836b617475"><testcase classname="backend.tests.test_ai_assistant.TestAIAssistantSetup" name="test_auth_working" time="0.353" /><testcase classname="backend.tests.test_ai_assistant.TestAIChatEndpoint" name="test_chat_simple_message" time="27.251" /><testcase classname="backend.tests.test_ai_assistant.TestAIChatEndpoint" name="test_chat_with_session_id" time="35.982" /><testcase classname="backend.tests.test_ai_assistant.TestAIChatEndpoint" name="test_chat_financial_question" time="10.635" /><testcase classname="backend.tests.test_ai_assistant.TestAIChatEndpoint" name="test_chat_compliance_question" time="31.900" /><testcase classname="backend.tests.test_ai_assistant.TestAIChatEndpoint" name="test_chat_requires_auth" time="0.362" /><testcase classname="backend.tests.test_ai_assistant.TestAIChatEndpoint" name="test_chat_empty_message" time="13.207" /><testcase classname="backend.tests.test_ai_assistant.TestAIChatHistory" name="test_get_chat_history" time="0.291" /><testcase classname="backend.tests.test_ai_assistant.TestAIChatHistory" name="test_get_chat_history_with_limit" time="0.273" /><testcase classname="backend.tests.test_ai_assistant.TestAIChatHistory" name="test_chat_history_requires_auth" time="0.299" /><testcase classname="backend.tests.test_ai_assistant.TestAIClearHistory" name="test_delete_chat_history" time="0.271" /><testcase classname="backend.tests.test_ai_assistant.TestAIClearHistory" name="test_clear_and_verify_empty" time="0.286" /><testcase classname="backend.tests.test_ai_assistant.TestAIAnalyzeExpenses" name="test_analyze_expenses" time="41.912" /><testcase classname="backend.tests.test_ai_assistant.TestAIAnalyzeExpenses" name="test_analyze_expenses_requires_auth" time="0.364" /><testcase classname="backend.tests.test_ai_assistant.TestAICheckCompliance" name="test_check_compliance" time="47.699" /><testcase classname="backend.tests.test_ai_assistant.TestAICheckCompliance" name="test_check_compliance_requires_auth" time="0.359" /><testcase classname="backend.tests.test_ai_assistant.TestAITSERules" name="test_get_tse_rules" time="0.037" /><testcase classname="backend.tests.test_ai_assistant.TestAIChatHistoryPersistence" name="test_message_persisted_in_history" time="10.875" /></testsuite></testsuites>