<?xml version="1.0" encoding="utf-8"?><testsuites name="pytest tests"><testsuite name="pytest" errors="0" failures="0" skipped="0" tests="18" time="4.223" timestamp="2026-02-05T00:27:01.955074+00:00" hostname="agent-env-27473d1e-3584-4729-9744-6e836b617475"><testcase classname="backend.tests.test_api.TestHealthCheck" name="test_health_endpoint" time="0.077" /><testcase classname="backend.tests.test_api.TestAuthentication" name="test_login_success" time="0.272" /><testcase classname="backend.tests.test_api.TestAuthentication" name="test_login_invalid_credentials" time="0.039" /><testcase classname="backend.tests.test_api.TestAuthentication" name="test_get_current_user" time="0.300" /><testcase classname="backend.tests.test_api.TestDashboard" name="test_get_dashboard_stats" time="0.305" /><testcase classname="backend.tests.test_api.TestPaymentAlerts" name="test_get_payment_alerts" time="0.306" /><testcase classname="backend.tests.test_api.TestRevenues" name="test_list_revenues" time="0.295" /><testcase classname="backend.tests.test_api.TestRevenues" name="test_create_and_delete_revenue" time="0.411" /><testcase classname="backend.tests.test_api.TestExpenses" name="test_list_expenses" time="0.305" /><testcase classname="backend.tests.test_api.TestExpenses" name="test_create_and_delete_expense" time="0.463" /><testcase classname="backend.tests.test_api.TestReports" name="test_get_tse_report" time="0.297" /><testcase classname="backend.tests.test_api.TestReports" name="test_export_pdf" time="0.314" /><testcase classname="backend.tests.test_api.TestCPFCNPJValidation" name="test_validate_valid_cpf" time="0.042" /><testcase classname="backend.tests.test_api.TestCPFCNPJValidation" name="test_validate_invalid_cpf" time="0.036" /><testcase classname="backend.tests.test_api.TestCPFCNPJValidation" name="test_validate_valid_cnpj" time="0.037" /><testcase classname="backend.tests.test_api.TestCPFCNPJValidation" name="test_validate_invalid_cnpj" time="0.036" /><testcase classname="backend.tests.test_api.TestCampaign" name="test_get_my_campaign" time="0.296" /><testcase classname="backend.tests.test_api.TestPayments" name="test_list_payments" time="0.301" /></testsuite></testsuites>