<?xml version="1.0" encoding="utf-8"?><testsuites name="pytest tests"><testsuite name="pytest" errors="0" failures="0" skipped="0" tests="14" time="2.066" timestamp="2026-03-05T23:19:30.691597+00:00" hostname="agent-env-7b14bd1a-65f3-40f9-9af7-b13ffa00f52e"><testcase classname="backend.tests.test_spce_fields.TestAuthAndLogin" name="test_login_success" time="0.352" /><testcase classname="backend.tests.test_spce_fields.TestAuthAndLogin" name="test_login_invalid_credentials" time="0.061" /><testcase classname="backend.tests.test_spce_fields.TestRevenuesSPCEFields" name="test_create_revenue_with_spce_fields" time="0.432" /><testcase classname="backend.tests.test_spce_fields.TestRevenuesSPCEFields" name="test_get_revenues_list" time="0.051" /><testcase classname="backend.tests.test_spce_fields.TestRevenuesSPCEFields" name="test_create_revenue_different_spce_types" time="0.116" /><testcase classname="backend.tests.test_spce_fields.TestRevenuesSPCEFields" name="test_update_revenue_spce_fields" time="0.181" /><testcase classname="backend.tests.test_spce_fields.TestExpensesSPCEFields" name="test_create_expense_with_spce_fields" time="0.113" /><testcase classname="backend.tests.test_spce_fields.TestExpensesSPCEFields" name="test_get_expenses_list" time="0.068" /><testcase classname="backend.tests.test_spce_fields.TestExpensesSPCEFields" name="test_create_expense_different_payment_types" time="0.155" /><testcase classname="backend.tests.test_spce_fields.TestExpensesSPCEFields" name="test_update_expense_spce_fields" time="0.167" /><testcase classname="backend.tests.test_spce_fields.TestReciboEleitoralPDF" name="test_download_recibo_eleitoral_pdf" time="0.166" /><testcase classname="backend.tests.test_spce_fields.TestConformidadeTSE" name="test_get_conformidade_tse" time="0.050" /><testcase classname="backend.tests.test_spce_fields.TestConformidadeTSE" name="test_conformidade_has_resumo" time="0.054" /><testcase classname="backend.tests.test_spce_fields.TestDashboard" name="test_get_dashboard_stats" time="0.048" /></testsuite></testsuites>